#
# There is insufficient memory for the Java Runtime Environment to continue.
# Native memory allocation (mmap) failed to map 264241152 bytes. Error detail: G1 virtual space
# Possible reasons:
#   The system is out of physical RAM or swap space
#   This process is running with CompressedOops enabled, and the Java Heap may be blocking the growth of the native heap
# Possible solutions:
#   Reduce memory load on the system
#   Increase physical memory or swap space
#   Check if swap backing store is full
#   Decrease Java heap size (-Xmx/-Xms)
#   Decrease number of Java threads
#   Decrease Java thread stack sizes (-Xss)
#   Set larger code cache with -XX:ReservedCodeCacheSize=
#   JVM is running with Zero Based Compressed Oops mode in which the Java heap is
#     placed in the first 32GB address space. The Java Heap base address is the
#     maximum limit for the native heap growth. Please use -XX:HeapBaseMinAddress
#     to set the Java Heap base and to place the Java Heap above 32GB virtual address.
# This output file may be truncated or incomplete.
#
#  Out of Memory Error (os_windows.cpp:3925), pid=18368, tid=11756
#
# JRE version:  (21.0.8) (build )
# Java VM: OpenJDK 64-Bit Server VM (21.0.8+-14196175-b1038.72, mixed mode, sharing, tiered, compressed oops, compressed class ptrs, g1 gc, windows-amd64)
# No core dump will be written. Minidumps are not enabled by default on client versions of Windows
#

---------------  S U M M A R Y ------------

Command Line: git4idea.http.GitAskPassApp Username for 'https://github.com': 

Host: 11th Gen Intel(R) Core(TM) i5-11400H @ 2.70GHz, 12 cores, 15G,  Windows 11 , 64 bit Build 26100 (10.0.26100.7920)
Time: Fri Mar 20 17:09:14 2026 elapsed time: 0.007704 seconds (0d 0h 0m 0s)

---------------  T H R E A D  ---------------

Current thread (0x000002202e2a93d0):  JavaThread "Unknown thread" [_thread_in_vm, id=11756, stack(0x0000007b1af00000,0x0000007b1b000000) (1024K)]

Stack: [0x0000007b1af00000,0x0000007b1b000000]
Native frames: (J=compiled Java code, j=interpreted, Vv=VM code, C=native code)
V  [jvm.dll+0x6d68d9]
V  [jvm.dll+0x866693]
V  [jvm.dll+0x868c4e]
V  [jvm.dll+0x869333]
V  [jvm.dll+0x280566]
V  [jvm.dll+0x6d3195]
V  [jvm.dll+0x6c69ea]
V  [jvm.dll+0x3586db]
V  [jvm.dll+0x360336]
V  [jvm.dll+0x3b23f6]
V  [jvm.dll+0x3b26c8]
V  [jvm.dll+0x32ae6c]
V  [jvm.dll+0x32bb5b]
V  [jvm.dll+0x82e109]
V  [jvm.dll+0x3bf5c8]
V  [jvm.dll+0x817388]
V  [jvm.dll+0x453b6e]
V  [jvm.dll+0x4552d1]
C  [jli.dll+0x52ab]
C  [ucrtbase.dll+0x37b0]
C  [KERNEL32.DLL+0x2e8d7]
C  [ntdll.dll+0x8c48c]


---------------  P R O C E S S  ---------------

Threads class SMR info:
_java_thread_list=0x00007ff83082b988, length=0, elements={
}

Java Threads: ( => current thread )
Total: 0

Other Threads:
  0x000002202e30f250 WorkerThread "GC Thread#0"                     [id=8212, stack(0x0000007b1b000000,0x0000007b1b100000) (1024K)]
  0x000002202e320bd0 ConcurrentGCThread "G1 Main Marker"            [id=17532, stack(0x0000007b1b100000,0x0000007b1b200000) (1024K)]
  0x000002202e321e70 WorkerThread "G1 Conc#0"                       [id=18556, stack(0x0000007b1b200000,0x0000007b1b300000) (1024K)]

[error occurred during error reporting (printing all threads), id 0xc0000005, EXCEPTION_ACCESS_VIOLATION (0xc0000005) at pc=0x00007ff83001ddd7]
VM state: not at safepoint (not fully initialized)

VM Mutex/Monitor currently owned by a thread:  ([mutex/lock_event])
[0x00007ff8308986b8] Heap_lock - owner thread: 0x000002202e2a93d0

Heap address: 0x0000000704a00000, size: 4022 MB, Compressed Oops mode: Zero based, Oop shift amount: 3

CDS archive(s) mapped at: [0x0000000000000000-0x0000000000000000-0x0000000000000000), size 0, SharedBaseAddress: 0x0000000800000000, ArchiveRelocationMode: 1.
Narrow klass base: 0x0000000000000000, Narrow klass shift: 0, Narrow klass range: 0x0

GC Precious Log:
 CardTable entry size: 512
 Card Set container configuration: InlinePtr #cards 4 size 8 Array Of Cards #cards 16 size 48 Howl #buckets 8 coarsen threshold 3686 Howl Bitmap #cards 512 size 80 coarsen threshold 460 Card regions per heap region 1 cards per card region 4096

Heap:
 garbage-first heap   total 0K, used 0K [0x0000000704a00000, 0x0000000800000000)
  region size 2048K, 0 young (0K), 0 survivors (0K)
 Metaspace       used 0K, committed 0K, reserved 0K
  class space    used 0K, committed 0K, reserved 0K

Heap Regions: E=young(eden), S=young(survivor), O=old, HS=humongous(starts), HC=humongous(continues), CS=collection set, F=free, TAMS=top-at-mark-start, PB=parsable bottom

Card table byte_map: [0x0000022041130000,0x0000022041910000] _byte_map_base: 0x000002203d90b000

Marking Bits: (CMBitMap*) 0x000002202e30f950
 Bits: [0x0000022041910000, 0x00000220457e8000)

GC Heap History (0 events):
No events

Dll operation events (1 events):
Event: 0.005 Loaded shared library C:\Program Files\Android\Android Studio\jbr\bin\java.dll

Deoptimization events (0 events):
No events

Classes loaded (0 events):
No events

Classes unloaded (0 events):
No events

Classes redefined (0 events):
No events

Internal exceptions (0 events):
No events

ZGC Phase Switch (0 events):
No events

VM Operations (0 events):
No events

Memory protections (0 events):
No events

Nmethod flushes (0 events):
No events

Events (0 events):
No events


Dynamic libraries:
0x00007ff68d740000 - 0x00007ff68d74a000 	C:\Program Files\Android\Android Studio\jbr\bin\java.exe
0x00007ff901560000 - 0x00007ff9017c7000 	C:\WINDOWS\SYSTEM32\ntdll.dll
0x00007ff8ff9b0000 - 0x00007ff8ffa79000 	C:\WINDOWS\System32\KERNEL32.DLL
0x00007ff8fe0e0000 - 0x00007ff8fe4d1000 	C:\WINDOWS\System32\KERNELBASE.dll
0x00007ff8fe4e0000 - 0x00007ff8fe62b000 	C:\WINDOWS\System32\ucrtbase.dll
0x00007ff8bc4e0000 - 0x00007ff8bc4f8000 	C:\Program Files\Android\Android Studio\jbr\bin\jli.dll
0x00007ff8e8010000 - 0x00007ff8e802b000 	C:\Program Files\Android\Android Studio\jbr\bin\VCRUNTIME140.dll
0x00007ff901340000 - 0x00007ff901505000 	C:\WINDOWS\System32\USER32.dll
0x00007ff8e0350000 - 0x00007ff8e05e3000 	C:\WINDOWS\WinSxS\amd64_microsoft.windows.common-controls_6595b64144ccf1df_6.0.26100.8037_none_3e092faae333b53b\COMCTL32.dll
0x00007ff8fe7a0000 - 0x00007ff8fe7c7000 	C:\WINDOWS\System32\win32u.dll
0x00007ff8ffcb0000 - 0x00007ff8ffcdb000 	C:\WINDOWS\System32\GDI32.dll
0x00007ff901280000 - 0x00007ff901329000 	C:\WINDOWS\System32\msvcrt.dll
0x00007ff8fde40000 - 0x00007ff8fdf6b000 	C:\WINDOWS\System32\gdi32full.dll
0x00007ff8fe9e0000 - 0x00007ff8fea83000 	C:\WINDOWS\System32\msvcp_win.dll
0x00007ff900460000 - 0x00007ff900491000 	C:\WINDOWS\System32\IMM32.DLL
0x00007ff8f9210000 - 0x00007ff8f921c000 	C:\Program Files\Android\Android Studio\jbr\bin\vcruntime140_1.dll
0x00007ff8851a0000 - 0x00007ff88522d000 	C:\Program Files\Android\Android Studio\jbr\bin\msvcp140.dll
0x00007ff82fce0000 - 0x00007ff830976000 	C:\Program Files\Android\Android Studio\jbr\bin\server\jvm.dll
0x00007ff8ffa80000 - 0x00007ff8ffb3b000 	C:\WINDOWS\System32\ADVAPI32.dll
0x00007ff8ff900000 - 0x00007ff8ff9a7000 	C:\WINDOWS\System32\sechost.dll
0x00007ff8ff560000 - 0x00007ff8ff678000 	C:\WINDOWS\System32\RPCRT4.dll
0x00007ff8ff3c0000 - 0x00007ff8ff434000 	C:\WINDOWS\System32\WS2_32.dll
0x00007ff8fdcc0000 - 0x00007ff8fdd1e000 	C:\WINDOWS\SYSTEM32\POWRPROF.dll
0x00007ff8f3b70000 - 0x00007ff8f3ba5000 	C:\WINDOWS\SYSTEM32\WINMM.dll
0x00007ff8f6e10000 - 0x00007ff8f6e1b000 	C:\WINDOWS\SYSTEM32\VERSION.dll
0x00007ff8fdca0000 - 0x00007ff8fdcb4000 	C:\WINDOWS\SYSTEM32\UMPDC.dll
0x00007ff8fcaf0000 - 0x00007ff8fcb0b000 	C:\WINDOWS\SYSTEM32\kernel.appcore.dll
0x00007ff8f6650000 - 0x00007ff8f665a000 	C:\Program Files\Android\Android Studio\jbr\bin\jimage.dll
0x00007ff8fbda0000 - 0x00007ff8fbfe2000 	C:\WINDOWS\SYSTEM32\DBGHELP.DLL
0x00007ff9000d0000 - 0x00007ff900452000 	C:\WINDOWS\System32\combase.dll
0x00007ff8ffb40000 - 0x00007ff8ffc17000 	C:\WINDOWS\System32\OLEAUT32.dll
0x00007ff8dd890000 - 0x00007ff8dd8cb000 	C:\WINDOWS\SYSTEM32\dbgcore.DLL
0x00007ff8fe6f0000 - 0x00007ff8fe795000 	C:\WINDOWS\System32\bcryptPrimitives.dll
0x00007ff8e7f30000 - 0x00007ff8e7f50000 	C:\Program Files\Android\Android Studio\jbr\bin\java.dll

JVMTI agents: none

dbghelp: loaded successfully - version: 4.0.5 - missing functions: none
symbol engine: initialized successfully - sym options: 0x614 - pdb path: .;C:\Program Files\Android\Android Studio\jbr\bin;C:\WINDOWS\SYSTEM32;C:\WINDOWS\WinSxS\amd64_microsoft.windows.common-controls_6595b64144ccf1df_6.0.26100.8037_none_3e092faae333b53b;C:\Program Files\Android\Android Studio\jbr\bin\server

VM Arguments:
java_command: git4idea.http.GitAskPassApp Username for 'https://github.com': 
java_class_path (initial): C:/Program Files/Android/Android Studio/plugins/vcs-git/lib/git4idea-rt.jar;C:/Program Files/Android/Android Studio/lib/externalProcess-rt.jar
Launcher Type: SUN_STANDARD

[Global flags]
     intx CICompilerCount                          = 4                                         {product} {ergonomic}
     uint ConcGCThreads                            = 3                                         {product} {ergonomic}
     uint G1ConcRefinementThreads                  = 10                                        {product} {ergonomic}
   size_t G1HeapRegionSize                         = 2097152                                   {product} {ergonomic}
    uintx GCDrainStackTargetSize                   = 64                                        {product} {ergonomic}
   size_t InitialHeapSize                          = 264241152                                 {product} {ergonomic}
   size_t MarkStackSize                            = 4194304                                   {product} {ergonomic}
   size_t MaxHeapSize                              = 4217372672                                {product} {ergonomic}
   size_t MinHeapDeltaBytes                        = 2097152                                   {product} {ergonomic}
   size_t MinHeapSize                              = 8388608                                   {product} {ergonomic}
    uintx NonNMethodCodeHeapSize                   = 5839372                                {pd product} {ergonomic}
    uintx NonProfiledCodeHeapSize                  = 122909434                              {pd product} {ergonomic}
    uintx ProfiledCodeHeapSize                     = 122909434                              {pd product} {ergonomic}
    uintx ReservedCodeCacheSize                    = 251658240                              {pd product} {ergonomic}
     bool SegmentedCodeCache                       = true                                      {product} {ergonomic}
   size_t SoftMaxHeapSize                          = 4217372672                             {manageable} {ergonomic}
     bool UseCompressedOops                        = true                           {product lp64_product} {ergonomic}
     bool UseG1GC                                  = true                                      {product} {ergonomic}
     bool UseLargePagesIndividualAllocation        = false                                  {pd product} {ergonomic}

Logging:
Log output configuration:
 #0: stdout all=warning uptime,level,tags foldmultilines=false
 #1: stderr all=off uptime,level,tags foldmultilines=false

Environment Variables:
PATH=C:\Program Files\Git\mingw64\libexec\git-core;C:\Program Files\Git\mingw64\libexec\git-core;C:\Program Files\Git\mingw64\bin;C:\Program Files\Git\usr\bin;C:\Users\Danil Musin\bin;C:\ProgramData\Oracle\Java\javapath;C:\Program Files\Microsoft\jdk-11.0.16.101-hotspot\bin;C:\WINDOWS\system32;C:\WINDOWS;C:\WINDOWS\System32\Wbem;C:\WINDOWS\System32\WindowsPowerShell\v1.0;C:\WINDOWS\System32\OpenSSH;C:\Program Files (x86)\Windows Kits\10\Windows Performance Toolkit;C:\Program Files\dotnet;C:\Program Files\WireGuard;D:\Mathlab\runtime\win64;D:\Mathlab\bin;D:\Mathlab\polyspace\bin;C:\Program Files\Git\cmd;C:\Users\Danil Musin\AppData\Local\Programs\Eclipse Adoptium\jdk-21.0.7.6-hotspot\bin;C:\Python312\Scripts;C:\Python312;C:\Users\Danil Musin\AppData\Local\Microsoft\WindowsApps
USERNAME=Danil Musin
DISPLAY=:0.0
LC_ALL=en_US.UTF-8
TERM=xterm-256color
TMPDIR=C:\Users\DANILM~1\AppData\Local\Temp
OS=Windows_NT
PROCESSOR_IDENTIFIER=Intel64 Family 6 Model 141 Stepping 1, GenuineIntel
TMP=C:\Users\DANILM~1\AppData\Local\Temp
TEMP=C:\Users\DANILM~1\AppData\Local\Temp




Periodic native trim disabled

JNI global refs:
JNI global refs: 0, weak refs: 0

JNI global refs memory usage: 0, weak refs: 0

Process memory usage:
Resident Set Size: 12976K (0% of 16471716K total physical memory with 2207032K free physical memory)

OOME stack traces (most recent first):
Classloader memory used:

---------------  S Y S T E M  ---------------

OS:
 Windows 11 , 64 bit Build 26100 (10.0.26100.7920)
OS uptime: 0 days 18:37 hours
Hyper-V role detected

CPU: total 12 (initial active 12) (6 cores per cpu, 2 threads per core) family 6 model 141 stepping 1 microcode 0x34, cx8, cmov, fxsr, ht, mmx, 3dnowpref, sse, sse2, sse3, ssse3, sse4.1, sse4.2, popcnt, lzcnt, tsc, tscinvbit, avx, avx2, aes, erms, clmul, bmi1, bmi2, adx, avx512f, avx512dq, avx512cd, avx512bw, avx512vl, sha, fma, vzeroupper, avx512_vpopcntdq, avx512_vpclmulqdq, avx512_vaes, avx512_vnni, clflush, clflushopt, clwb, avx512_vbmi2, avx512_vbmi, hv, rdtscp, rdpid, fsrm, gfni, avx512_bitalg, f16c, cet_ibt, cet_ss, avx512_ifma
Processor Information for the first 12 processors :
  Max Mhz: 2688, Current Mhz: 2688, Mhz Limit: 2688

Memory: 4k page, system-wide physical 16085M (2155M free)
TotalPageFile size 22680M (AvailPageFile size 65M)
current process WorkingSet (physical memory assigned to process): 12M, peak: 12M
current process commit charge ("private bytes"): 64M, peak: 316M

vm_info: OpenJDK 64-Bit Server VM (21.0.8+-14196175-b1038.72) for windows-amd64 JRE (21.0.8+-14196175-b1038.72), built on 2025-10-01T10:24:33Z by "builder" with MS VC++ 16.10 / 16.11 (VS2019)

END.
