#
# There is insufficient memory for the Java Runtime Environment to continue.
# Native memory allocation (malloc) failed to allocate 163696 bytes. Error detail: Chunk::new
# Possible reasons:
#   The system is out of physical RAM or swap space
#   This process is running with CompressedOops enabled, and the Java Heap may be blocking the growth of the native heap
# Possible solutions:
#   Reduce memory load on the system
#   Increase physical memory or swap space
#   Check if swap backing store is full
#   Decrease Java heap size (-Xmx/-Xms)
#   Decrease number of Java threads
#   Decrease Java thread stack sizes (-Xss)
#   Set larger code cache with -XX:ReservedCodeCacheSize=
#   JVM is running with Zero Based Compressed Oops mode in which the Java heap is
#     placed in the first 32GB address space. The Java Heap base address is the
#     maximum limit for the native heap growth. Please use -XX:HeapBaseMinAddress
#     to set the Java Heap base and to place the Java Heap above 32GB virtual address.
# This output file may be truncated or incomplete.
#
#  Out of Memory Error (arena.cpp:168), pid=11200, tid=6208
#
# JRE version: OpenJDK Runtime Environment (21.0.8) (build 21.0.8+-14196175-b1038.72)
# Java VM: OpenJDK 64-Bit Server VM (21.0.8+-14196175-b1038.72, mixed mode, tiered, compressed oops, compressed class ptrs, g1 gc, windows-amd64)
# No core dump will be written. Minidumps are not enabled by default on client versions of Windows
#

---------------  S U M M A R Y ------------

Command Line: git4idea.http.GitAskPassApp Username for 'https://github.com': 

Host: 11th Gen Intel(R) Core(TM) i5-11400H @ 2.70GHz, 12 cores, 15G,  Windows 11 , 64 bit Build 26100 (10.0.26100.7920)
Time: Fri Mar 20 17:06:01 2026 elapsed time: 0.182784 seconds (0d 0h 0m 0s)

---------------  T H R E A D  ---------------

Current thread (0x000001c8080cbfe0):  JavaThread "C2 CompilerThread0" daemon [_thread_in_native, id=6208, stack(0x000000a549f00000,0x000000a54a000000) (1024K)]


Current CompileTask:
C2:182  286       4       java.lang.StringLatin1::toUpperCase (186 bytes)

Stack: [0x000000a549f00000,0x000000a54a000000]
Native frames: (J=compiled Java code, j=interpreted, Vv=VM code, C=native code)
V  [jvm.dll+0x6d68d9]
V  [jvm.dll+0x866693]
V  [jvm.dll+0x868c4e]
V  [jvm.dll+0x869333]
V  [jvm.dll+0x280566]
V  [jvm.dll+0xc07cd]
V  [jvm.dll+0xc0d03]
V  [jvm.dll+0x3b961b]
V  [jvm.dll+0x385507]
V  [jvm.dll+0x38497a]
V  [jvm.dll+0x249252]
V  [jvm.dll+0x248821]
V  [jvm.dll+0x1c73a4]
V  [jvm.dll+0x257f9e]
V  [jvm.dll+0x2564e6]
V  [jvm.dll+0x3f4696]
V  [jvm.dll+0x80eac8]
V  [jvm.dll+0x6d512d]
C  [ucrtbase.dll+0x37b0]
C  [KERNEL32.DLL+0x2e8d7]
C  [ntdll.dll+0x8c48c]


---------------  P R O C E S S  ---------------

Threads class SMR info:
_java_thread_list=0x000001c808c10010, length=12, elements={
0x000001c869a99570, 0x000001c80808a860, 0x000001c80808d7d0, 0x000001c80808e050,
0x000001c8080b9b50, 0x000001c8080ba5d0, 0x000001c8080bac40, 0x000001c8080a3a60,
0x000001c8080cbfe0, 0x000001c8080a5700, 0x000001c808277100, 0x000001c8082d0450
}

Java Threads: ( => current thread )
  0x000001c869a99570 JavaThread "main"                              [_thread_in_vm, id=11400, stack(0x000000a549000000,0x000000a549100000) (1024K)]
  0x000001c80808a860 JavaThread "Common-Cleaner"             daemon [_thread_blocked, id=12680, stack(0x000000a549800000,0x000000a549900000) (1024K)]
  0x000001c80808d7d0 JavaThread "Reference Handler"          daemon [_thread_blocked, id=5080, stack(0x000000a549900000,0x000000a549a00000) (1024K)]
  0x000001c80808e050 JavaThread "Finalizer"                  daemon [_thread_blocked, id=13452, stack(0x000000a549a00000,0x000000a549b00000) (1024K)]
  0x000001c8080b9b50 JavaThread "Signal Dispatcher"          daemon [_thread_blocked, id=14576, stack(0x000000a549b00000,0x000000a549c00000) (1024K)]
  0x000001c8080ba5d0 JavaThread "Attach Listener"            daemon [_thread_blocked, id=18412, stack(0x000000a549c00000,0x000000a549d00000) (1024K)]
  0x000001c8080bac40 JavaThread "Service Thread"             daemon [_thread_blocked, id=10604, stack(0x000000a549d00000,0x000000a549e00000) (1024K)]
  0x000001c8080a3a60 JavaThread "Monitor Deflation Thread"   daemon [_thread_blocked, id=4200, stack(0x000000a549e00000,0x000000a549f00000) (1024K)]
=>0x000001c8080cbfe0 JavaThread "C2 CompilerThread0"         daemon [_thread_in_native, id=6208, stack(0x000000a549f00000,0x000000a54a000000) (1024K)]
  0x000001c8080a5700 JavaThread "C1 CompilerThread0"         daemon [_thread_blocked, id=16476, stack(0x000000a54a000000,0x000000a54a100000) (1024K)]
  0x000001c808277100 JavaThread "Notification Thread"        daemon [_thread_blocked, id=16880, stack(0x000000a54a100000,0x000000a54a200000) (1024K)]
  0x000001c8082d0450 JavaThread "C2 CompilerThread1"         daemon [_thread_blocked, id=19272, stack(0x000000a54a200000,0x000000a54a300000) (1024K)]
Total: 12

Other Threads:
  0x000001c80804ce80 VMThread "VM Thread"                           [id=17900, stack(0x000000a549700000,0x000000a549800000) (1024K)]
  0x000001c87f4d2630 WatcherThread "VM Periodic Task Thread"        [id=5152, stack(0x000000a549600000,0x000000a549700000) (1024K)]
  0x000001c869aff8e0 WorkerThread "GC Thread#0"                     [id=18556, stack(0x000000a549100000,0x000000a549200000) (1024K)]
  0x000001c869b106e0 ConcurrentGCThread "G1 Main Marker"            [id=14008, stack(0x000000a549200000,0x000000a549300000) (1024K)]
  0x000001c869b12c00 WorkerThread "G1 Conc#0"                       [id=13920, stack(0x000000a549300000,0x000000a549400000) (1024K)]
  0x000001c87f3a60b0 ConcurrentGCThread "G1 Refine#0"               [id=4052, stack(0x000000a549400000,0x000000a549500000) (1024K)]
  0x000001c87f3a84f0 ConcurrentGCThread "G1 Service"                [id=14716, stack(0x000000a549500000,0x000000a549600000) (1024K)]
Total: 7

Threads with active compile tasks:
C2 CompilerThread0  196  286       4       java.lang.StringLatin1::toUpperCase (186 bytes)
Total: 1

VM state: not at safepoint (normal execution)

VM Mutex/Monitor currently owned by a thread: None

Heap address: 0x0000000704a00000, size: 4022 MB, Compressed Oops mode: Zero based, Oop shift amount: 3

CDS archive(s) not mapped
Compressed class space mapped at: 0x0000000800000000-0x0000000840000000, reserved size: 1073741824
Narrow klass base: 0x0000000800000000, Narrow klass shift: 0, Narrow klass range: 0x40000000

GC Precious Log:
 CardTable entry size: 512
 Card Set container configuration: InlinePtr #cards 4 size 8 Array Of Cards #cards 16 size 48 Howl #buckets 8 coarsen threshold 3686 Howl Bitmap #cards 512 size 80 coarsen threshold 460 Card regions per heap region 1 cards per card region 4096
 CPUs: 12 total, 12 available
 Memory: 16085M
 Large Page Support: Disabled
 NUMA Support: Disabled
 Compressed Oops: Enabled (Zero based)
 Heap Region Size: 2M
 Heap Min Capacity: 8M
 Heap Initial Capacity: 252M
 Heap Max Capacity: 4022M
 Pre-touch: Disabled
 Parallel Workers: 10
 Concurrent Workers: 3
 Concurrent Refinement Workers: 10
 Periodic GC: Disabled

Heap:
 garbage-first heap   total 258048K, used 4096K [0x0000000704a00000, 0x0000000800000000)
  region size 2048K, 3 young (6144K), 0 survivors (0K)
 Metaspace       used 9708K, committed 9856K, reserved 1114112K
  class space    used 924K, committed 1024K, reserved 1048576K

Heap Regions: E=young(eden), S=young(survivor), O=old, HS=humongous(starts), HC=humongous(continues), CS=collection set, F=free, TAMS=top-at-mark-start, PB=parsable bottom
|   0|0x0000000704a00000, 0x0000000704a00000, 0x0000000704c00000|  0%| F|  |TAMS 0x0000000704a00000| PB 0x0000000704a00000| Untracked 
|   1|0x0000000704c00000, 0x0000000704c00000, 0x0000000704e00000|  0%| F|  |TAMS 0x0000000704c00000| PB 0x0000000704c00000| Untracked 
|   2|0x0000000704e00000, 0x0000000704e00000, 0x0000000705000000|  0%| F|  |TAMS 0x0000000704e00000| PB 0x0000000704e00000| Untracked 
|   3|0x0000000705000000, 0x0000000705000000, 0x0000000705200000|  0%| F|  |TAMS 0x0000000705000000| PB 0x0000000705000000| Untracked 
|   4|0x0000000705200000, 0x0000000705200000, 0x0000000705400000|  0%| F|  |TAMS 0x0000000705200000| PB 0x0000000705200000| Untracked 
|   5|0x0000000705400000, 0x0000000705400000, 0x0000000705600000|  0%| F|  |TAMS 0x0000000705400000| PB 0x0000000705400000| Untracked 
|   6|0x0000000705600000, 0x0000000705600000, 0x0000000705800000|  0%| F|  |TAMS 0x0000000705600000| PB 0x0000000705600000| Untracked 
|   7|0x0000000705800000, 0x0000000705800000, 0x0000000705a00000|  0%| F|  |TAMS 0x0000000705800000| PB 0x0000000705800000| Untracked 
|   8|0x0000000705a00000, 0x0000000705a00000, 0x0000000705c00000|  0%| F|  |TAMS 0x0000000705a00000| PB 0x0000000705a00000| Untracked 
|   9|0x0000000705c00000, 0x0000000705c00000, 0x0000000705e00000|  0%| F|  |TAMS 0x0000000705c00000| PB 0x0000000705c00000| Untracked 
|  10|0x0000000705e00000, 0x0000000705e00000, 0x0000000706000000|  0%| F|  |TAMS 0x0000000705e00000| PB 0x0000000705e00000| Untracked 
|  11|0x0000000706000000, 0x0000000706000000, 0x0000000706200000|  0%| F|  |TAMS 0x0000000706000000| PB 0x0000000706000000| Untracked 
|  12|0x0000000706200000, 0x0000000706200000, 0x0000000706400000|  0%| F|  |TAMS 0x0000000706200000| PB 0x0000000706200000| Untracked 
|  13|0x0000000706400000, 0x0000000706400000, 0x0000000706600000|  0%| F|  |TAMS 0x0000000706400000| PB 0x0000000706400000| Untracked 
|  14|0x0000000706600000, 0x0000000706600000, 0x0000000706800000|  0%| F|  |TAMS 0x0000000706600000| PB 0x0000000706600000| Untracked 
|  15|0x0000000706800000, 0x0000000706800000, 0x0000000706a00000|  0%| F|  |TAMS 0x0000000706800000| PB 0x0000000706800000| Untracked 
|  16|0x0000000706a00000, 0x0000000706a00000, 0x0000000706c00000|  0%| F|  |TAMS 0x0000000706a00000| PB 0x0000000706a00000| Untracked 
|  17|0x0000000706c00000, 0x0000000706c00000, 0x0000000706e00000|  0%| F|  |TAMS 0x0000000706c00000| PB 0x0000000706c00000| Untracked 
|  18|0x0000000706e00000, 0x0000000706e00000, 0x0000000707000000|  0%| F|  |TAMS 0x0000000706e00000| PB 0x0000000706e00000| Untracked 
|  19|0x0000000707000000, 0x0000000707000000, 0x0000000707200000|  0%| F|  |TAMS 0x0000000707000000| PB 0x0000000707000000| Untracked 
|  20|0x0000000707200000, 0x0000000707200000, 0x0000000707400000|  0%| F|  |TAMS 0x0000000707200000| PB 0x0000000707200000| Untracked 
|  21|0x0000000707400000, 0x0000000707400000, 0x0000000707600000|  0%| F|  |TAMS 0x0000000707400000| PB 0x0000000707400000| Untracked 
|  22|0x0000000707600000, 0x0000000707600000, 0x0000000707800000|  0%| F|  |TAMS 0x0000000707600000| PB 0x0000000707600000| Untracked 
|  23|0x0000000707800000, 0x0000000707800000, 0x0000000707a00000|  0%| F|  |TAMS 0x0000000707800000| PB 0x0000000707800000| Untracked 
|  24|0x0000000707a00000, 0x0000000707a00000, 0x0000000707c00000|  0%| F|  |TAMS 0x0000000707a00000| PB 0x0000000707a00000| Untracked 
|  25|0x0000000707c00000, 0x0000000707c00000, 0x0000000707e00000|  0%| F|  |TAMS 0x0000000707c00000| PB 0x0000000707c00000| Untracked 
|  26|0x0000000707e00000, 0x0000000707e00000, 0x0000000708000000|  0%| F|  |TAMS 0x0000000707e00000| PB 0x0000000707e00000| Untracked 
|  27|0x0000000708000000, 0x0000000708000000, 0x0000000708200000|  0%| F|  |TAMS 0x0000000708000000| PB 0x0000000708000000| Untracked 
|  28|0x0000000708200000, 0x0000000708200000, 0x0000000708400000|  0%| F|  |TAMS 0x0000000708200000| PB 0x0000000708200000| Untracked 
|  29|0x0000000708400000, 0x0000000708400000, 0x0000000708600000|  0%| F|  |TAMS 0x0000000708400000| PB 0x0000000708400000| Untracked 
|  30|0x0000000708600000, 0x0000000708600000, 0x0000000708800000|  0%| F|  |TAMS 0x0000000708600000| PB 0x0000000708600000| Untracked 
|  31|0x0000000708800000, 0x0000000708800000, 0x0000000708a00000|  0%| F|  |TAMS 0x0000000708800000| PB 0x0000000708800000| Untracked 
|  32|0x0000000708a00000, 0x0000000708a00000, 0x0000000708c00000|  0%| F|  |TAMS 0x0000000708a00000| PB 0x0000000708a00000| Untracked 
|  33|0x0000000708c00000, 0x0000000708c00000, 0x0000000708e00000|  0%| F|  |TAMS 0x0000000708c00000| PB 0x0000000708c00000| Untracked 
|  34|0x0000000708e00000, 0x0000000708e00000, 0x0000000709000000|  0%| F|  |TAMS 0x0000000708e00000| PB 0x0000000708e00000| Untracked 
|  35|0x0000000709000000, 0x0000000709000000, 0x0000000709200000|  0%| F|  |TAMS 0x0000000709000000| PB 0x0000000709000000| Untracked 
|  36|0x0000000709200000, 0x0000000709200000, 0x0000000709400000|  0%| F|  |TAMS 0x0000000709200000| PB 0x0000000709200000| Untracked 
|  37|0x0000000709400000, 0x0000000709400000, 0x0000000709600000|  0%| F|  |TAMS 0x0000000709400000| PB 0x0000000709400000| Untracked 
|  38|0x0000000709600000, 0x0000000709600000, 0x0000000709800000|  0%| F|  |TAMS 0x0000000709600000| PB 0x0000000709600000| Untracked 
|  39|0x0000000709800000, 0x0000000709800000, 0x0000000709a00000|  0%| F|  |TAMS 0x0000000709800000| PB 0x0000000709800000| Untracked 
|  40|0x0000000709a00000, 0x0000000709a00000, 0x0000000709c00000|  0%| F|  |TAMS 0x0000000709a00000| PB 0x0000000709a00000| Untracked 
|  41|0x0000000709c00000, 0x0000000709c00000, 0x0000000709e00000|  0%| F|  |TAMS 0x0000000709c00000| PB 0x0000000709c00000| Untracked 
|  42|0x0000000709e00000, 0x0000000709e00000, 0x000000070a000000|  0%| F|  |TAMS 0x0000000709e00000| PB 0x0000000709e00000| Untracked 
|  43|0x000000070a000000, 0x000000070a000000, 0x000000070a200000|  0%| F|  |TAMS 0x000000070a000000| PB 0x000000070a000000| Untracked 
|  44|0x000000070a200000, 0x000000070a200000, 0x000000070a400000|  0%| F|  |TAMS 0x000000070a200000| PB 0x000000070a200000| Untracked 
|  45|0x000000070a400000, 0x000000070a400000, 0x000000070a600000|  0%| F|  |TAMS 0x000000070a400000| PB 0x000000070a400000| Untracked 
|  46|0x000000070a600000, 0x000000070a600000, 0x000000070a800000|  0%| F|  |TAMS 0x000000070a600000| PB 0x000000070a600000| Untracked 
|  47|0x000000070a800000, 0x000000070a800000, 0x000000070aa00000|  0%| F|  |TAMS 0x000000070a800000| PB 0x000000070a800000| Untracked 
|  48|0x000000070aa00000, 0x000000070aa00000, 0x000000070ac00000|  0%| F|  |TAMS 0x000000070aa00000| PB 0x000000070aa00000| Untracked 
|  49|0x000000070ac00000, 0x000000070ac00000, 0x000000070ae00000|  0%| F|  |TAMS 0x000000070ac00000| PB 0x000000070ac00000| Untracked 
|  50|0x000000070ae00000, 0x000000070ae00000, 0x000000070b000000|  0%| F|  |TAMS 0x000000070ae00000| PB 0x000000070ae00000| Untracked 
|  51|0x000000070b000000, 0x000000070b000000, 0x000000070b200000|  0%| F|  |TAMS 0x000000070b000000| PB 0x000000070b000000| Untracked 
|  52|0x000000070b200000, 0x000000070b200000, 0x000000070b400000|  0%| F|  |TAMS 0x000000070b200000| PB 0x000000070b200000| Untracked 
|  53|0x000000070b400000, 0x000000070b400000, 0x000000070b600000|  0%| F|  |TAMS 0x000000070b400000| PB 0x000000070b400000| Untracked 
|  54|0x000000070b600000, 0x000000070b600000, 0x000000070b800000|  0%| F|  |TAMS 0x000000070b600000| PB 0x000000070b600000| Untracked 
|  55|0x000000070b800000, 0x000000070b800000, 0x000000070ba00000|  0%| F|  |TAMS 0x000000070b800000| PB 0x000000070b800000| Untracked 
|  56|0x000000070ba00000, 0x000000070ba00000, 0x000000070bc00000|  0%| F|  |TAMS 0x000000070ba00000| PB 0x000000070ba00000| Untracked 
|  57|0x000000070bc00000, 0x000000070bc00000, 0x000000070be00000|  0%| F|  |TAMS 0x000000070bc00000| PB 0x000000070bc00000| Untracked 
|  58|0x000000070be00000, 0x000000070be00000, 0x000000070c000000|  0%| F|  |TAMS 0x000000070be00000| PB 0x000000070be00000| Untracked 
|  59|0x000000070c000000, 0x000000070c000000, 0x000000070c200000|  0%| F|  |TAMS 0x000000070c000000| PB 0x000000070c000000| Untracked 
|  60|0x000000070c200000, 0x000000070c200000, 0x000000070c400000|  0%| F|  |TAMS 0x000000070c200000| PB 0x000000070c200000| Untracked 
|  61|0x000000070c400000, 0x000000070c400000, 0x000000070c600000|  0%| F|  |TAMS 0x000000070c400000| PB 0x000000070c400000| Untracked 
|  62|0x000000070c600000, 0x000000070c600000, 0x000000070c800000|  0%| F|  |TAMS 0x000000070c600000| PB 0x000000070c600000| Untracked 
|  63|0x000000070c800000, 0x000000070c800000, 0x000000070ca00000|  0%| F|  |TAMS 0x000000070c800000| PB 0x000000070c800000| Untracked 
|  64|0x000000070ca00000, 0x000000070ca00000, 0x000000070cc00000|  0%| F|  |TAMS 0x000000070ca00000| PB 0x000000070ca00000| Untracked 
|  65|0x000000070cc00000, 0x000000070cc00000, 0x000000070ce00000|  0%| F|  |TAMS 0x000000070cc00000| PB 0x000000070cc00000| Untracked 
|  66|0x000000070ce00000, 0x000000070ce00000, 0x000000070d000000|  0%| F|  |TAMS 0x000000070ce00000| PB 0x000000070ce00000| Untracked 
|  67|0x000000070d000000, 0x000000070d000000, 0x000000070d200000|  0%| F|  |TAMS 0x000000070d000000| PB 0x000000070d000000| Untracked 
|  68|0x000000070d200000, 0x000000070d200000, 0x000000070d400000|  0%| F|  |TAMS 0x000000070d200000| PB 0x000000070d200000| Untracked 
|  69|0x000000070d400000, 0x000000070d400000, 0x000000070d600000|  0%| F|  |TAMS 0x000000070d400000| PB 0x000000070d400000| Untracked 
|  70|0x000000070d600000, 0x000000070d600000, 0x000000070d800000|  0%| F|  |TAMS 0x000000070d600000| PB 0x000000070d600000| Untracked 
|  71|0x000000070d800000, 0x000000070d800000, 0x000000070da00000|  0%| F|  |TAMS 0x000000070d800000| PB 0x000000070d800000| Untracked 
|  72|0x000000070da00000, 0x000000070da00000, 0x000000070dc00000|  0%| F|  |TAMS 0x000000070da00000| PB 0x000000070da00000| Untracked 
|  73|0x000000070dc00000, 0x000000070dc00000, 0x000000070de00000|  0%| F|  |TAMS 0x000000070dc00000| PB 0x000000070dc00000| Untracked 
|  74|0x000000070de00000, 0x000000070de00000, 0x000000070e000000|  0%| F|  |TAMS 0x000000070de00000| PB 0x000000070de00000| Untracked 
|  75|0x000000070e000000, 0x000000070e000000, 0x000000070e200000|  0%| F|  |TAMS 0x000000070e000000| PB 0x000000070e000000| Untracked 
|  76|0x000000070e200000, 0x000000070e200000, 0x000000070e400000|  0%| F|  |TAMS 0x000000070e200000| PB 0x000000070e200000| Untracked 
|  77|0x000000070e400000, 0x000000070e400000, 0x000000070e600000|  0%| F|  |TAMS 0x000000070e400000| PB 0x000000070e400000| Untracked 
|  78|0x000000070e600000, 0x000000070e600000, 0x000000070e800000|  0%| F|  |TAMS 0x000000070e600000| PB 0x000000070e600000| Untracked 
|  79|0x000000070e800000, 0x000000070e800000, 0x000000070ea00000|  0%| F|  |TAMS 0x000000070e800000| PB 0x000000070e800000| Untracked 
|  80|0x000000070ea00000, 0x000000070ea00000, 0x000000070ec00000|  0%| F|  |TAMS 0x000000070ea00000| PB 0x000000070ea00000| Untracked 
|  81|0x000000070ec00000, 0x000000070ec00000, 0x000000070ee00000|  0%| F|  |TAMS 0x000000070ec00000| PB 0x000000070ec00000| Untracked 
|  82|0x000000070ee00000, 0x000000070ee00000, 0x000000070f000000|  0%| F|  |TAMS 0x000000070ee00000| PB 0x000000070ee00000| Untracked 
|  83|0x000000070f000000, 0x000000070f000000, 0x000000070f200000|  0%| F|  |TAMS 0x000000070f000000| PB 0x000000070f000000| Untracked 
|  84|0x000000070f200000, 0x000000070f200000, 0x000000070f400000|  0%| F|  |TAMS 0x000000070f200000| PB 0x000000070f200000| Untracked 
|  85|0x000000070f400000, 0x000000070f400000, 0x000000070f600000|  0%| F|  |TAMS 0x000000070f400000| PB 0x000000070f400000| Untracked 
|  86|0x000000070f600000, 0x000000070f600000, 0x000000070f800000|  0%| F|  |TAMS 0x000000070f600000| PB 0x000000070f600000| Untracked 
|  87|0x000000070f800000, 0x000000070f800000, 0x000000070fa00000|  0%| F|  |TAMS 0x000000070f800000| PB 0x000000070f800000| Untracked 
|  88|0x000000070fa00000, 0x000000070fa00000, 0x000000070fc00000|  0%| F|  |TAMS 0x000000070fa00000| PB 0x000000070fa00000| Untracked 
|  89|0x000000070fc00000, 0x000000070fc00000, 0x000000070fe00000|  0%| F|  |TAMS 0x000000070fc00000| PB 0x000000070fc00000| Untracked 
|  90|0x000000070fe00000, 0x000000070fe00000, 0x0000000710000000|  0%| F|  |TAMS 0x000000070fe00000| PB 0x000000070fe00000| Untracked 
|  91|0x0000000710000000, 0x0000000710000000, 0x0000000710200000|  0%| F|  |TAMS 0x0000000710000000| PB 0x0000000710000000| Untracked 
|  92|0x0000000710200000, 0x0000000710200000, 0x0000000710400000|  0%| F|  |TAMS 0x0000000710200000| PB 0x0000000710200000| Untracked 
|  93|0x0000000710400000, 0x0000000710400000, 0x0000000710600000|  0%| F|  |TAMS 0x0000000710400000| PB 0x0000000710400000| Untracked 
|  94|0x0000000710600000, 0x0000000710600000, 0x0000000710800000|  0%| F|  |TAMS 0x0000000710600000| PB 0x0000000710600000| Untracked 
|  95|0x0000000710800000, 0x0000000710800000, 0x0000000710a00000|  0%| F|  |TAMS 0x0000000710800000| PB 0x0000000710800000| Untracked 
|  96|0x0000000710a00000, 0x0000000710a00000, 0x0000000710c00000|  0%| F|  |TAMS 0x0000000710a00000| PB 0x0000000710a00000| Untracked 
|  97|0x0000000710c00000, 0x0000000710c00000, 0x0000000710e00000|  0%| F|  |TAMS 0x0000000710c00000| PB 0x0000000710c00000| Untracked 
|  98|0x0000000710e00000, 0x0000000710e00000, 0x0000000711000000|  0%| F|  |TAMS 0x0000000710e00000| PB 0x0000000710e00000| Untracked 
|  99|0x0000000711000000, 0x0000000711000000, 0x0000000711200000|  0%| F|  |TAMS 0x0000000711000000| PB 0x0000000711000000| Untracked 
| 100|0x0000000711200000, 0x0000000711200000, 0x0000000711400000|  0%| F|  |TAMS 0x0000000711200000| PB 0x0000000711200000| Untracked 
| 101|0x0000000711400000, 0x0000000711400000, 0x0000000711600000|  0%| F|  |TAMS 0x0000000711400000| PB 0x0000000711400000| Untracked 
| 102|0x0000000711600000, 0x0000000711600000, 0x0000000711800000|  0%| F|  |TAMS 0x0000000711600000| PB 0x0000000711600000| Untracked 
| 103|0x0000000711800000, 0x0000000711800000, 0x0000000711a00000|  0%| F|  |TAMS 0x0000000711800000| PB 0x0000000711800000| Untracked 
| 104|0x0000000711a00000, 0x0000000711a00000, 0x0000000711c00000|  0%| F|  |TAMS 0x0000000711a00000| PB 0x0000000711a00000| Untracked 
| 105|0x0000000711c00000, 0x0000000711c00000, 0x0000000711e00000|  0%| F|  |TAMS 0x0000000711c00000| PB 0x0000000711c00000| Untracked 
| 106|0x0000000711e00000, 0x0000000711e00000, 0x0000000712000000|  0%| F|  |TAMS 0x0000000711e00000| PB 0x0000000711e00000| Untracked 
| 107|0x0000000712000000, 0x0000000712000000, 0x0000000712200000|  0%| F|  |TAMS 0x0000000712000000| PB 0x0000000712000000| Untracked 
| 108|0x0000000712200000, 0x0000000712200000, 0x0000000712400000|  0%| F|  |TAMS 0x0000000712200000| PB 0x0000000712200000| Untracked 
| 109|0x0000000712400000, 0x0000000712400000, 0x0000000712600000|  0%| F|  |TAMS 0x0000000712400000| PB 0x0000000712400000| Untracked 
| 110|0x0000000712600000, 0x0000000712600000, 0x0000000712800000|  0%| F|  |TAMS 0x0000000712600000| PB 0x0000000712600000| Untracked 
| 111|0x0000000712800000, 0x0000000712800000, 0x0000000712a00000|  0%| F|  |TAMS 0x0000000712800000| PB 0x0000000712800000| Untracked 
| 112|0x0000000712a00000, 0x0000000712a00000, 0x0000000712c00000|  0%| F|  |TAMS 0x0000000712a00000| PB 0x0000000712a00000| Untracked 
| 113|0x0000000712c00000, 0x0000000712c00000, 0x0000000712e00000|  0%| F|  |TAMS 0x0000000712c00000| PB 0x0000000712c00000| Untracked 
| 114|0x0000000712e00000, 0x0000000712e00000, 0x0000000713000000|  0%| F|  |TAMS 0x0000000712e00000| PB 0x0000000712e00000| Untracked 
| 115|0x0000000713000000, 0x0000000713000000, 0x0000000713200000|  0%| F|  |TAMS 0x0000000713000000| PB 0x0000000713000000| Untracked 
| 116|0x0000000713200000, 0x0000000713200000, 0x0000000713400000|  0%| F|  |TAMS 0x0000000713200000| PB 0x0000000713200000| Untracked 
| 117|0x0000000713400000, 0x0000000713400000, 0x0000000713600000|  0%| F|  |TAMS 0x0000000713400000| PB 0x0000000713400000| Untracked 
| 118|0x0000000713600000, 0x0000000713600000, 0x0000000713800000|  0%| F|  |TAMS 0x0000000713600000| PB 0x0000000713600000| Untracked 
| 119|0x0000000713800000, 0x0000000713800000, 0x0000000713a00000|  0%| F|  |TAMS 0x0000000713800000| PB 0x0000000713800000| Untracked 
| 120|0x0000000713a00000, 0x0000000713a00000, 0x0000000713c00000|  0%| F|  |TAMS 0x0000000713a00000| PB 0x0000000713a00000| Untracked 
| 121|0x0000000713c00000, 0x0000000713c00000, 0x0000000713e00000|  0%| F|  |TAMS 0x0000000713c00000| PB 0x0000000713c00000| Untracked 
| 122|0x0000000713e00000, 0x0000000713e00000, 0x0000000714000000|  0%| F|  |TAMS 0x0000000713e00000| PB 0x0000000713e00000| Untracked 
| 123|0x0000000714000000, 0x0000000714071ec8, 0x0000000714200000| 22%| E|  |TAMS 0x0000000714000000| PB 0x0000000714000000| Complete 
| 124|0x0000000714200000, 0x0000000714400000, 0x0000000714400000|100%| E|CS|TAMS 0x0000000714200000| PB 0x0000000714200000| Complete 
| 125|0x0000000714400000, 0x0000000714600000, 0x0000000714600000|100%| E|CS|TAMS 0x0000000714400000| PB 0x0000000714400000| Complete 

Card table byte_map: [0x000001c87c920000,0x000001c87d100000] _byte_map_base: 0x000001c8790fb000

Marking Bits: (CMBitMap*) 0x000001c869afffe0
 Bits: [0x000001c800000000, 0x000001c803ed8000)

Polling page: 0x000001c8677f0000

Metaspace:

Usage:
  Non-class:      8.63 MB used.
      Class:    934.13 KB used.
       Both:      9.54 MB used.

Virtual space:
  Non-class space:       64.00 MB reserved,       8.69 MB ( 14%) committed,  1 nodes.
      Class space:        1.00 GB reserved,       1.00 MB ( <1%) committed,  1 nodes.
             Both:        1.06 GB reserved,       9.69 MB ( <1%) committed. 

Chunk freelists:
   Non-Class:  6.96 MB
       Class:  15.04 MB
        Both:  22.01 MB

MaxMetaspaceSize: unlimited
CompressedClassSpaceSize: 1.00 GB
Initial GC threshold: 21.00 MB
Current GC threshold: 21.00 MB
CDS: off
 - commit_granule_bytes: 65536.
 - commit_granule_words: 8192.
 - virtual_space_node_default_size: 8388608.
 - enlarge_chunks_in_place: 1.
 - use_allocation_guard: 0.


Internal statistics:

num_allocs_failed_limit: 0.
num_arena_births: 14.
num_arena_deaths: 0.
num_vsnodes_births: 2.
num_vsnodes_deaths: 0.
num_space_committed: 155.
num_space_uncommitted: 0.
num_chunks_returned_to_freelist: 0.
num_chunks_taken_from_freelist: 49.
num_chunk_merges: 0.
num_chunk_splits: 20.
num_chunks_enlarged: 11.
num_inconsistent_stats: 0.

CodeHeap 'non-profiled nmethods': size=120000Kb used=104Kb max_used=104Kb free=119896Kb
 bounds [0x000001c8746c0000, 0x000001c874930000, 0x000001c87bbf0000]
CodeHeap 'profiled nmethods': size=120000Kb used=484Kb max_used=484Kb free=119515Kb
 bounds [0x000001c86cbf0000, 0x000001c86ce60000, 0x000001c874120000]
CodeHeap 'non-nmethods': size=5760Kb used=1457Kb max_used=1465Kb free=4302Kb
 bounds [0x000001c874120000, 0x000001c874390000, 0x000001c8746c0000]
CodeCache: size=245760Kb, used=2045Kb, max_used=2053Kb, free=243713Kb
 total_blobs=818, nmethods=365, adapters=358, full_count=0
Compilation: enabled, stopped_count=0, restarted_count=0

Compilation events (20 events):
Event: 0.175 Thread 0x000001c8080a5700 nmethod 284 0x000001c8746d6090 code [0x000001c8746d6220, 0x000001c8746d62e8]
Event: 0.175 Thread 0x000001c8080a5700  285       3       jdk.internal.org.objectweb.asm.ByteVector::putShort (52 bytes)
Event: 0.175 Thread 0x000001c8080a5700 nmethod 285 0x000001c86cc4e610 code [0x000001c86cc4e7c0, 0x000001c86cc4e9d0]
Event: 0.175 Thread 0x000001c8080cbfe0  286       4       java.lang.StringLatin1::toUpperCase (186 bytes)
Event: 0.176 Thread 0x000001c8080a5700  287       3       java.lang.Character::charCount (12 bytes)
Event: 0.176 Thread 0x000001c8080a5700 nmethod 287 0x000001c86cc4eb10 code [0x000001c86cc4ecc0, 0x000001c86cc4ee20]
Event: 0.176 Thread 0x000001c8080a5700  290       3       java.util.regex.Pattern::next (33 bytes)
Event: 0.176 Thread 0x000001c8080a5700 nmethod 290 0x000001c86cc4ee90 code [0x000001c86cc4f040, 0x000001c86cc4f2a0]
Event: 0.176 Thread 0x000001c8080a5700  288       3       java.util.regex.Pattern::peek (26 bytes)
Event: 0.176 Thread 0x000001c8080a5700 nmethod 288 0x000001c86cc4f410 code [0x000001c86cc4f5c0, 0x000001c86cc4f818]
Event: 0.176 Thread 0x000001c8080a5700  289       3       java.util.regex.Pattern::append (43 bytes)
Event: 0.176 Thread 0x000001c8080a5700 nmethod 289 0x000001c86cc4f910 code [0x000001c86cc4fb00, 0x000001c86cc4fef0]
Event: 0.177 Thread 0x000001c8080a5700  291       3       java.lang.invoke.MethodType::<init> (15 bytes)
Event: 0.177 Thread 0x000001c8080a5700 nmethod 291 0x000001c86cc50090 code [0x000001c86cc50240, 0x000001c86cc50470]
Event: 0.177 Thread 0x000001c8080a5700  292       3       java.lang.invoke.MethodType::makeImpl (109 bytes)
Event: 0.178 Thread 0x000001c8080a5700 nmethod 292 0x000001c86cc50510 code [0x000001c86cc50880, 0x000001c86cc51e48]
Event: 0.178 Thread 0x000001c8080a5700  293       3       jdk.internal.misc.Unsafe::pickPos (14 bytes)
Event: 0.178 Thread 0x000001c8080a5700 nmethod 293 0x000001c86cc52590 code [0x000001c86cc52720, 0x000001c86cc52820]
Event: 0.178 Thread 0x000001c8080a5700  294       3       java.lang.Class::getClassLoader (28 bytes)
Event: 0.178 Thread 0x000001c8080a5700 nmethod 294 0x000001c86cc52890 code [0x000001c86cc52a40, 0x000001c86cc52c98]

GC Heap History (0 events):
No events

Dll operation events (2 events):
Event: 0.004 Loaded shared library C:\Program Files\Android\Android Studio\jbr\bin\java.dll
Event: 0.008 Loaded shared library C:\Program Files\Android\Android Studio\jbr\bin\zip.dll

Deoptimization events (0 events):
No events

Classes loaded (20 events):
Event: 0.178 Loading class sun/security/ssl/CipherSuite$HashAlg done
Event: 0.178 Loading class sun/security/ssl/CipherSuite$MacAlg
Event: 0.178 Loading class sun/security/ssl/CipherSuite$MacAlg done
Event: 0.179 Loading class sun/security/ssl/CipherSuite$KeyExchange
Event: 0.179 Loading class sun/security/ssl/CipherSuite$KeyExchange done
Event: 0.179 Loading class sun/security/ssl/NamedGroup$NamedGroupSpec
Event: 0.179 Loading class sun/security/ssl/NamedGroup$NamedGroupScheme
Event: 0.179 Loading class sun/security/ssl/NamedGroup$NamedGroupScheme done
Event: 0.179 Loading class sun/security/ssl/NamedGroup$NamedGroupSpec done
Event: 0.179 Loading class sun/security/ssl/NamedGroup$ECDHEScheme
Event: 0.179 Loading class sun/security/ssl/NamedGroup$ECDHEScheme done
Event: 0.179 Loading class sun/security/ssl/NamedGroup
Event: 0.179 Loading class sun/security/ssl/NamedGroup done
Event: 0.179 Loading class sun/security/ssl/NamedGroup$FFDHEScheme
Event: 0.179 Loading class sun/security/ssl/NamedGroup$FFDHEScheme done
Event: 0.179 Loading class sun/security/ssl/NamedGroup$XDHScheme
Event: 0.179 Loading class sun/security/ssl/NamedGroup$XDHScheme done
Event: 0.179 Loading class sun/security/ssl/JsseJce
Event: 0.181 Loading class sun/security/ssl/JsseJce done
Event: 0.181 Loading class sun/security/ssl/Utilities

Classes unloaded (0 events):
No events

Classes redefined (0 events):
No events

Internal exceptions (1 events):
Event: 0.160 Thread 0x000001c869a99570 Exception <a 'sun/nio/fs/WindowsException'{0x00000007143939e0}> (0x00000007143939e0) 
thrown [s\src\hotspot\share\prims\jni.cpp, line 537]

ZGC Phase Switch (0 events):
No events

VM Operations (4 events):
Event: 0.075 Executing VM operation: HandshakeAllThreads (Deoptimize)
Event: 0.075 Executing VM operation: HandshakeAllThreads (Deoptimize) done
Event: 0.084 Executing VM operation: HandshakeAllThreads (Deoptimize)
Event: 0.084 Executing VM operation: HandshakeAllThreads (Deoptimize) done

Memory protections (0 events):
No events

Nmethod flushes (0 events):
No events

Events (15 events):
Event: 0.007 Thread 0x000001c869a99570 Thread added: 0x000001c869a99570
Event: 0.033 Thread 0x000001c869a99570 Thread added: 0x000001c80808a860
Event: 0.036 Thread 0x000001c869a99570 Thread added: 0x000001c80808d7d0
Event: 0.036 Thread 0x000001c869a99570 Thread added: 0x000001c80808e050
Event: 0.037 Thread 0x000001c869a99570 Thread added: 0x000001c8080b9b50
Event: 0.037 Thread 0x000001c869a99570 Thread added: 0x000001c8080ba5d0
Event: 0.037 Thread 0x000001c869a99570 Thread added: 0x000001c8080bac40
Event: 0.037 Thread 0x000001c869a99570 Thread added: 0x000001c8080a3a60
Event: 0.037 Thread 0x000001c869a99570 Thread added: 0x000001c8080cbfe0
Event: 0.037 Thread 0x000001c869a99570 Thread added: 0x000001c8080a5700
Event: 0.057 Thread 0x000001c869a99570 Thread added: 0x000001c808277100
Event: 0.065 Loaded shared library C:\Program Files\Android\Android Studio\jbr\bin\net.dll
Event: 0.066 Loaded shared library C:\Program Files\Android\Android Studio\jbr\bin\nio.dll
Event: 0.072 Loaded shared library C:\Program Files\Android\Android Studio\jbr\bin\zip.dll
Event: 0.122 Loaded shared library C:\Program Files\Android\Android Studio\jbr\bin\jimage.dll


Dynamic libraries:
0x00007ff68d740000 - 0x00007ff68d74a000 	C:\Program Files\Android\Android Studio\jbr\bin\java.exe
0x00007ff901560000 - 0x00007ff9017c7000 	C:\WINDOWS\SYSTEM32\ntdll.dll
0x00007ff8ff9b0000 - 0x00007ff8ffa79000 	C:\WINDOWS\System32\KERNEL32.DLL
0x00007ff8fe0e0000 - 0x00007ff8fe4d1000 	C:\WINDOWS\System32\KERNELBASE.dll
0x00007ff8fe4e0000 - 0x00007ff8fe62b000 	C:\WINDOWS\System32\ucrtbase.dll
0x00007ff8e8010000 - 0x00007ff8e802b000 	C:\Program Files\Android\Android Studio\jbr\bin\VCRUNTIME140.dll
0x00007ff8bc4e0000 - 0x00007ff8bc4f8000 	C:\Program Files\Android\Android Studio\jbr\bin\jli.dll
0x00007ff901340000 - 0x00007ff901505000 	C:\WINDOWS\System32\USER32.dll
0x00007ff8fe7a0000 - 0x00007ff8fe7c7000 	C:\WINDOWS\System32\win32u.dll
0x00007ff8e0350000 - 0x00007ff8e05e3000 	C:\WINDOWS\WinSxS\amd64_microsoft.windows.common-controls_6595b64144ccf1df_6.0.26100.8037_none_3e092faae333b53b\COMCTL32.dll
0x00007ff8ffcb0000 - 0x00007ff8ffcdb000 	C:\WINDOWS\System32\GDI32.dll
0x00007ff901280000 - 0x00007ff901329000 	C:\WINDOWS\System32\msvcrt.dll
0x00007ff8fde40000 - 0x00007ff8fdf6b000 	C:\WINDOWS\System32\gdi32full.dll
0x00007ff8fe9e0000 - 0x00007ff8fea83000 	C:\WINDOWS\System32\msvcp_win.dll
0x00007ff900460000 - 0x00007ff900491000 	C:\WINDOWS\System32\IMM32.DLL
0x00007ff8f9210000 - 0x00007ff8f921c000 	C:\Program Files\Android\Android Studio\jbr\bin\vcruntime140_1.dll
0x00007ff8851a0000 - 0x00007ff88522d000 	C:\Program Files\Android\Android Studio\jbr\bin\msvcp140.dll
0x00007ff82fce0000 - 0x00007ff830976000 	C:\Program Files\Android\Android Studio\jbr\bin\server\jvm.dll
0x00007ff8ffa80000 - 0x00007ff8ffb3b000 	C:\WINDOWS\System32\ADVAPI32.dll
0x00007ff8ff900000 - 0x00007ff8ff9a7000 	C:\WINDOWS\System32\sechost.dll
0x00007ff8ff560000 - 0x00007ff8ff678000 	C:\WINDOWS\System32\RPCRT4.dll
0x00007ff8ff3c0000 - 0x00007ff8ff434000 	C:\WINDOWS\System32\WS2_32.dll
0x00007ff8fdcc0000 - 0x00007ff8fdd1e000 	C:\WINDOWS\SYSTEM32\POWRPROF.dll
0x00007ff8f6e10000 - 0x00007ff8f6e1b000 	C:\WINDOWS\SYSTEM32\VERSION.dll
0x00007ff8f3b70000 - 0x00007ff8f3ba5000 	C:\WINDOWS\SYSTEM32\WINMM.dll
0x00007ff8fdca0000 - 0x00007ff8fdcb4000 	C:\WINDOWS\SYSTEM32\UMPDC.dll
0x00007ff8fcaf0000 - 0x00007ff8fcb0b000 	C:\WINDOWS\SYSTEM32\kernel.appcore.dll
0x00007ff8f6650000 - 0x00007ff8f665a000 	C:\Program Files\Android\Android Studio\jbr\bin\jimage.dll
0x00007ff8fbda0000 - 0x00007ff8fbfe2000 	C:\WINDOWS\SYSTEM32\DBGHELP.DLL
0x00007ff9000d0000 - 0x00007ff900452000 	C:\WINDOWS\System32\combase.dll
0x00007ff8ffb40000 - 0x00007ff8ffc17000 	C:\WINDOWS\System32\OLEAUT32.dll
0x00007ff8dd890000 - 0x00007ff8dd8cb000 	C:\WINDOWS\SYSTEM32\dbgcore.DLL
0x00007ff8fe6f0000 - 0x00007ff8fe795000 	C:\WINDOWS\System32\bcryptPrimitives.dll
0x00007ff8e7f30000 - 0x00007ff8e7f50000 	C:\Program Files\Android\Android Studio\jbr\bin\java.dll
0x00007ff8e7cd0000 - 0x00007ff8e7ce8000 	C:\Program Files\Android\Android Studio\jbr\bin\zip.dll
0x00007ff900b10000 - 0x00007ff90126f000 	C:\WINDOWS\System32\SHELL32.dll
0x00007ff8fdf70000 - 0x00007ff8fe0da000 	C:\WINDOWS\System32\wintypes.dll
0x00007ff8fea90000 - 0x00007ff8ff2f4000 	C:\WINDOWS\System32\windows.storage.dll
0x00007ff8fffd0000 - 0x00007ff9000c7000 	C:\WINDOWS\System32\SHCORE.dll
0x00007ff8ff300000 - 0x00007ff8ff367000 	C:\WINDOWS\System32\shlwapi.dll
0x00007ff8fdd60000 - 0x00007ff8fdd89000 	C:\WINDOWS\SYSTEM32\profapi.dll
0x00007ff8e8140000 - 0x00007ff8e8150000 	C:\Program Files\Android\Android Studio\jbr\bin\net.dll
0x00007ff8f6a00000 - 0x00007ff8f6b27000 	C:\WINDOWS\SYSTEM32\WINHTTP.dll
0x00007ff8fd0e0000 - 0x00007ff8fd14b000 	C:\WINDOWS\system32\mswsock.dll
0x00007ff8e7b20000 - 0x00007ff8e7b36000 	C:\Program Files\Android\Android Studio\jbr\bin\nio.dll
0x00007ff8fd4e0000 - 0x00007ff8fd4fb000 	C:\WINDOWS\SYSTEM32\CRYPTSP.dll
0x00007ff8fcb10000 - 0x00007ff8fcb49000 	C:\WINDOWS\system32\rsaenh.dll
0x00007ff8fd190000 - 0x00007ff8fd1c2000 	C:\WINDOWS\SYSTEM32\USERENV.dll

JVMTI agents: none

dbghelp: loaded successfully - version: 4.0.5 - missing functions: none
symbol engine: initialized successfully - sym options: 0x614 - pdb path: .;C:\Program Files\Android\Android Studio\jbr\bin;C:\WINDOWS\SYSTEM32;C:\WINDOWS\WinSxS\amd64_microsoft.windows.common-controls_6595b64144ccf1df_6.0.26100.8037_none_3e092faae333b53b;C:\Program Files\Android\Android Studio\jbr\bin\server

VM Arguments:
java_command: git4idea.http.GitAskPassApp Username for 'https://github.com': 
java_class_path (initial): C:/Program Files/Android/Android Studio/plugins/vcs-git/lib/git4idea-rt.jar;C:/Program Files/Android/Android Studio/lib/externalProcess-rt.jar
Launcher Type: SUN_STANDARD

[Global flags]
     intx CICompilerCount                          = 4                                         {product} {ergonomic}
     uint ConcGCThreads                            = 3                                         {product} {ergonomic}
     uint G1ConcRefinementThreads                  = 10                                        {product} {ergonomic}
   size_t G1HeapRegionSize                         = 2097152                                   {product} {ergonomic}
    uintx GCDrainStackTargetSize                   = 64                                        {product} {ergonomic}
   size_t InitialHeapSize                          = 264241152                                 {product} {ergonomic}
   size_t MarkStackSize                            = 4194304                                   {product} {ergonomic}
   size_t MaxHeapSize                              = 4217372672                                {product} {ergonomic}
   size_t MaxNewSize                               = 2529165312                                {product} {ergonomic}
   size_t MinHeapDeltaBytes                        = 2097152                                   {product} {ergonomic}
   size_t MinHeapSize                              = 8388608                                   {product} {ergonomic}
    uintx NonNMethodCodeHeapSize                   = 5839372                                {pd product} {ergonomic}
    uintx NonProfiledCodeHeapSize                  = 122909434                              {pd product} {ergonomic}
    uintx ProfiledCodeHeapSize                     = 122909434                              {pd product} {ergonomic}
    uintx ReservedCodeCacheSize                    = 251658240                              {pd product} {ergonomic}
     bool SegmentedCodeCache                       = true                                      {product} {ergonomic}
   size_t SoftMaxHeapSize                          = 4217372672                             {manageable} {ergonomic}
     bool UseCompressedOops                        = true                           {product lp64_product} {ergonomic}
     bool UseG1GC                                  = true                                      {product} {ergonomic}
     bool UseLargePagesIndividualAllocation        = false                                  {pd product} {ergonomic}

Logging:
Log output configuration:
 #0: stdout all=warning uptime,level,tags foldmultilines=false
 #1: stderr all=off uptime,level,tags foldmultilines=false

Environment Variables:
PATH=C:\Program Files\Git\mingw64\libexec\git-core;C:\Program Files\Git\mingw64\libexec\git-core;C:\Program Files\Git\mingw64\bin;C:\Program Files\Git\usr\bin;C:\Users\Danil Musin\bin;C:\ProgramData\Oracle\Java\javapath;C:\Program Files\Microsoft\jdk-11.0.16.101-hotspot\bin;C:\WINDOWS\system32;C:\WINDOWS;C:\WINDOWS\System32\Wbem;C:\WINDOWS\System32\WindowsPowerShell\v1.0;C:\WINDOWS\System32\OpenSSH;C:\Program Files (x86)\Windows Kits\10\Windows Performance Toolkit;C:\Program Files\dotnet;C:\Program Files\WireGuard;D:\Mathlab\runtime\win64;D:\Mathlab\bin;D:\Mathlab\polyspace\bin;C:\Program Files\Git\cmd;C:\Users\Danil Musin\AppData\Local\Programs\Eclipse Adoptium\jdk-21.0.7.6-hotspot\bin;C:\Python312\Scripts;C:\Python312;C:\Users\Danil Musin\AppData\Local\Microsoft\WindowsApps
USERNAME=Danil Musin
DISPLAY=:0.0
LC_ALL=en_US.UTF-8
TERM=xterm-256color
TMPDIR=C:\Users\DANILM~1\AppData\Local\Temp
OS=Windows_NT
PROCESSOR_IDENTIFIER=Intel64 Family 6 Model 141 Stepping 1, GenuineIntel
TMP=C:\Users\DANILM~1\AppData\Local\Temp
TEMP=C:\Users\DANILM~1\AppData\Local\Temp




Periodic native trim disabled

JNI global refs:
JNI global refs: 9, weak refs: 0

JNI global refs memory usage: 835, weak refs: 201

Process memory usage:
Resident Set Size: 48900K (0% of 16471716K total physical memory with 1605144K free physical memory)

OOME stack traces (most recent first):
Classloader memory used:
Loader bootstrap                                                                       : 9726K
Loader jdk.internal.loader.ClassLoaders$PlatformClassLoader                            : 63584B
Loader jdk.internal.loader.ClassLoaders$AppClassLoader                                 : 25696B

---------------  S Y S T E M  ---------------

OS:
 Windows 11 , 64 bit Build 26100 (10.0.26100.7920)
OS uptime: 0 days 18:34 hours
Hyper-V role detected

CPU: total 12 (initial active 12) (6 cores per cpu, 2 threads per core) family 6 model 141 stepping 1 microcode 0x34, cx8, cmov, fxsr, ht, mmx, 3dnowpref, sse, sse2, sse3, ssse3, sse4.1, sse4.2, popcnt, lzcnt, tsc, tscinvbit, avx, avx2, aes, erms, clmul, bmi1, bmi2, adx, avx512f, avx512dq, avx512cd, avx512bw, avx512vl, sha, fma, vzeroupper, avx512_vpopcntdq, avx512_vpclmulqdq, avx512_vaes, avx512_vnni, clflush, clflushopt, clwb, avx512_vbmi2, avx512_vbmi, hv, rdtscp, rdpid, fsrm, gfni, avx512_bitalg, f16c, cet_ibt, cet_ss, avx512_ifma
Processor Information for the first 12 processors :
  Max Mhz: 2688, Current Mhz: 2688, Mhz Limit: 2688

Memory: 4k page, system-wide physical 16085M (1567M free)
TotalPageFile size 22680M (AvailPageFile size 2M)
current process WorkingSet (physical memory assigned to process): 47M, peak: 47M
current process commit charge ("private bytes"): 340M, peak: 341M

vm_info: OpenJDK 64-Bit Server VM (21.0.8+-14196175-b1038.72) for windows-amd64 JRE (21.0.8+-14196175-b1038.72), built on 2025-10-01T10:24:33Z by "builder" with MS VC++ 16.10 / 16.11 (VS2019)

END.
